nohup: ignoring input

[1/400] Processing: اونجى مناديل 120 منديل
  Search keyword: اونجى مناديل 120 منديل
  ✓ Found 40 products
  First match: كلاسي مناديل مبللة للأولاد - 120 منديل
  Price: 57.25 EGP

[2/400] Processing: هايت فريش مناديل 40 منديل
  Search keyword: هايت فريش مناديل 40 منديل
  ✓ Found 40 products
  First match: وايت مناديل مبللة لإزالة الميك اب - 40 منديل
  Price: 105 EGP

[3/400] Processing: حرير سويت شرائح
  Search keyword: حرير سويت شرائح
  ✓ Found 40 products
  First match: هيلثيست كبدة شرائح مجمدة - 850 - 1000 جرام
  Price: 179.95 EGP

[4/400] Processing: فريده منظف ارضيات مشمش 480 مل
  Search keyword: فريده منظف ارضيات مشمش 480 مل
  ✓ Found 40 products
  First match: غسول اليدين الرغوي ديفا ميني برائحة الكاندي - 480 مل
  Price: 103.95 EGP

[5/400] Processing: بليس ليف ان كريم 450 جرام فيتامين E
  Search keyword: بليس ليف ان كريم 450 جرام فيتامين E
  ✓ Found 40 products
  First match: نيفيا سوفت كريم مرطب فيتامين E و بخلاصة زيت الجوجوبا ،200 مل
  Price: 121.2 EGP

[6/400] Processing: بليس ليف ان كريم 450 جرام بجوز الهند
  Search keyword: بليس ليف ان كريم 450 جرام بجوز الهند
  ✓ Found 40 products
  First match: عزبتنا مورتة طبيعية - 450 جرام
  Price: 130 EGP

[7/400] Processing: نونو شامبو اطفال لافندر 200 مل
  Search keyword: نونو شامبو اطفال لافندر 200 مل
  ✓ Found 40 products
  First match: سائل غسيل أطباق بالبلسم من فيبا - 3 لتر
  Price: 104.95 EGP

[8/400] Processing: بليس ليف ان كريم بجوز الهند 250 ملى
  Search keyword: بليس ليف ان كريم بجوز الهند 250 ملى
  ✓ Found 40 products
  First match: بريستو زيت جوز هند - 250 مل
  Price: 102.3 EGP

[9/400] Processing: بليس ليف ان كريم بزيت الارجان 180 مل
  Search keyword: بليس ليف ان كريم بزيت الارجان 180 مل
  ✓ Found 40 products
  First match: كريم الشعر المرطب لي كاريتيس بزبدة الشيا - 180 مل
  Price: 85.2 EGP

[10/400] Processing: بليس ليف ان كريم بالشيا 250 ملى
  Search keyword: بليس ليف ان كريم بالشيا 250 ملى
  ✓ Found 40 products
  First match: كريم ترطيب اليدين كير اند مور بالجليسرين والفراولة - 250 مل
  Price: 127 EGP

[11/400] Processing: بليس ليف ان كريم بزبدة الشيا 180 مل
  Search keyword: بليس ليف ان كريم بزبدة الشيا 180 مل
  ✓ Found 40 products
  First match: كريم الشعر المرطب لي كاريتيس بزبدة الشيا - 180 مل
  Price: 85.2 EGP

[12/400] Processing: اونجى مناديل 72 منديل
  Search keyword: اونجى مناديل 72 منديل
  ✓ Found 40 products
  First match: وايت مناديل مبللة للأطفال - 72 منديل - 2 كيس
  Price: 120 EGP

[13/400] Processing: ماكرو جولد اكستند غسول نسائى للمنطقه الحساسه 120 مل
  Search keyword: ماكرو جولد اكستند غسول نسائى للمنطقه الحساسه 120 مل
  ✓ Found 40 products
  First match: كيرفري غسول المنطقة الحساسة اليومي دو ايفكت  بالشاي الاخضر والالوفيرا - 200 مل
  Price: 155 EGP

[14/400] Processing: ديوركس عازل طبى الوان علبه*3ق
  Search keyword: ديوركس عازل طبى الوان 3ق
  ✓ Found 40 products
  First match: منظف بيرول ​​الوان - 2.5 كجم
  Price: 139.95 EGP

[15/400] Processing: ديوركس عازل طبى امان تام ازرق علبه3ق
  Search keyword: ديوركس عازل طبى امان تام ازرق علبه3ق
  ✓ Found 40 products
  First match: لاب توب لينوفو ايديا باد 1 15ALC7 - معالج أيه ام دي رايزن  7 5700U - 512 جيجابايت اس اس دي - رام 16 جيجابايت - شاشة 15.6 بوصة - معالج رسومات ايه ام دي مدمج - بدون نظام تشغيل - أزرق داكن
  Price: 23999 EGP

[16/400] Processing: كيدى جارد مناديل 72 منديل
  Search keyword: كيدى جارد مناديل 72 منديل
  ✓ Found 40 products
  First match: مناديل مبللة سانيتا كيدي للأطفال - 72 منديل - 2 كيس
  Price: 65.95 EGP

[17/400] Processing: ستاركى شامبو 400 ملى ارجان
  Search keyword: ستاركى شامبو 400 ملى ارجان
  ✓ Found 40 products
  First match: سائل غسيل أطباق بالبلسم من فيبا - 3 لتر
  Price: 104.95 EGP

[18/400] Processing: ستاركى شامبو 400 ملى جوزهند
  Search keyword: ستاركى شامبو 400 ملى جوزهند
  ✓ Found 40 products
  First match: كرتونة مياه شرب طبيعية من نستله - 600 مل - 20 عبوة
  Price: 99.95 EGP

[19/400] Processing: ستاركى شامبو 400 ملى بالفحم
  Search keyword: ستاركى شامبو 400 ملى بالفحم
  ✓ Found 40 products
  First match: سائل غسيل أطباق بالبلسم من فيبا - 3 لتر
  Price: 104.95 EGP

[20/400] Processing: ستاركى شامبو 400 ملى لافندر
  Search keyword: ستاركى شامبو 400 ملى لافندر
  ✓ Found 40 products
  First match: سائل غسيل أطباق بالبلسم من فيبا - 3 لتر
  Price: 104.95 EGP

[21/400] Processing: اونجى مناديل 72 منديل
  Search keyword: اونجى مناديل 72 منديل
  ✓ Found 40 products
  First match: وايت مناديل مبللة للأطفال - 72 منديل - 2 كيس
  Price: 120 EGP

[22/400] Processing: هايت فريش مناديل 72 منديل
  Search keyword: هايت فريش مناديل 72 منديل
  ✓ Found 40 products
  First match: وايت مناديل مبللة للأطفال - 72 منديل - 2 كيس
  Price: 120 EGP

[23/400] Processing: هايت فريش مناديل 120 منديل
  Search keyword: هايت فريش مناديل 120 منديل
  ✓ Found 40 products
  First match: كلاسي مناديل مبللة للأولاد - 120 منديل
  Price: 57.25 EGP

[24/400] Processing: هايت فريش مناديل 72 منديل
  Search keyword: هايت فريش مناديل 72 منديل
  ✓ Found 40 products
  First match: وايت مناديل مبللة للأطفال - 72 منديل - 2 كيس
  Price: 120 EGP

[25/400] Processing: هايت فريش مناديل 120 منديل
  Search keyword: هايت فريش مناديل 120 منديل
  ✓ Found 40 products
  First match: كلاسي مناديل مبللة للأولاد - 120 منديل
  Price: 57.25 EGP

[26/400] Processing: جيليت بلو تو ماكينه صبار بلاس حصائر
  Search keyword: جيليت بلو تو ماكينه صبار بلاس
  ✓ Found 40 products
  First match: جيليت بلو 2 بلس ماكينة حلاقة للرجال - 20 قطعة
  Price: 280 EGP

[27/400] Processing: بانتين بديل الزيت 275 ملى عادى عنايه ملكى للتلف
  Search keyword: بانتين بديل الزيت 275 ملى عادى عنايه ملكى للتلف
  ✓ Found 40 products
  First match: بانتين برو-في ميلكي بديل الزيت لاصلاح الشعر التالف - 275 مل
  Price: 198.1 EGP

[28/400] Processing: بانتين بديل الزيت 275 ملى عادى انسيابى و حريرى
  Search keyword: بانتين بديل الزيت 275 ملى عادى انسيابى و حريرى
  ✓ Found 40 products
  First match: بانتين برو-في ميلكي بديل الزيت لاصلاح الشعر التالف - 275 مل
  Price: 198.1 EGP

[29/400] Processing: فيانسيه حمام كريم 7*1 بالافوكادو و الزيتون 950مل
  Search keyword: فيانسيه حمام كريم 7*1 بالافوكادو و الزيتون 950مل
  ✗ JSON file not found

[30/400] Processing: لوريال بديل الزيت 300 ملى مقاومه كامله لسقوط الشعر
  Search keyword: لوريال بديل الزيت 300 ملى مقاومه كامله لسقوط الشعر
  ✓ Found 40 products
  First match: لوريال باريس ايلفيف بديل الزيت المضاد لتساقط الشعر - 300 مل
  Price: 168 EGP

[31/400] Processing: فيانسيه حمام كريم 7*1 بالليمون و الالوفيرا 950مل
  Search keyword: فيانسيه حمام كريم 7*1 بالليمون و الالوفيرا 950مل
  ✗ JSON file not found

[32/400] Processing: فيانسيه حمام كريم 7*1 بجوز الهند والارجان 950مل
  Search keyword: فيانسيه حمام كريم 7*1 بجوز الهند والارجان 950مل
  ✗ JSON file not found

[33/400] Processing: فيانسيه حمام كريم 7*1 بالروزمارى و الجوجوبا 950مل
  Search keyword: فيانسيه حمام كريم 7*1 بالروزمارى و الجوجوبا 950مل
  ✗ JSON file not found

[34/400] Processing: فيانسيه حمام كريم 7*1 بالبصل و الخروع 950مل
  Search keyword: فيانسيه حمام كريم 7*1 بالبصل و الخروع 950مل
  ✗ JSON file not found

[35/400] Processing: لوريال بديل الزيت 300 ملى توتال ريبير 5
  Search keyword: لوريال بديل الزيت 300 ملى توتال ريبير 5
  ✓ Found 40 products
  First match: لوريال باريس الفيف بديل الزيت لمعالجة كاملة 5 - 300 مل
  Price: 168 EGP

[36/400] Processing: كامينا شاور 3.3لتر برائحه الاعشاب
  Search keyword: كامينا شاور 3.3لتر برائحه الاعشاب
  ✗ JSON file not found

[37/400] Processing: هيد شامبو 1 لتر عادى وانسيابى وحريرى
  Search keyword: هيد شامبو 1 لتر عادى وانسيابى وحريرى
  ✓ Found 40 products
  First match: صانسيلك شامبو، لمعان ساحر للشعر الاسود - 1 لتر
  Price: 197.7 EGP

[38/400] Processing: هيد شامبو ديتوكس الفحم 1 لتر
  Search keyword: هيد شامبو ديتوكس الفحم 1 لتر
  ✓ Found 40 products
  First match: سائل غسيل أطباق بالبلسم من فيبا - 3 لتر
  Price: 104.95 EGP

[39/400] Processing: هيد شامبو 1 لتر النعناع المنعش
  Search keyword: هيد شامبو 1 لتر النعناع المنعش
  ✓ Found 40 products
  First match: سائل غسيل أطباق بالبلسم من فيبا - 3 لتر
  Price: 104.95 EGP

[40/400] Processing: هيد شامبو نظيف وانيق 1 لتر
  Search keyword: هيد شامبو نظيف وانيق 1 لتر
  ✓ Found 40 products
  First match: سائل غسيل أطباق بالبلسم من فيبا - 3 لتر
  Price: 104.95 EGP

[41/400] Processing: كامينا شاور 3.3لتر برائحه الورد
  Search keyword: كامينا شاور 3.3لتر برائحه الورد
  ✗ JSON file not found

[42/400] Processing: فلاى بيبى فرشه اسنان أطفال FN-903
  Search keyword: فلاى بيبى اسنان أطفال FN-903
  ✓ Found 40 products
  First match: بيبي جوي حفاضات أطفال مرنة - مقاس 5 - حجم كبير  جدا - 14-25 كجم - 76 حفاضة
  Price: 399.95 EGP

[43/400] Processing: فيانسيه زيت مغذى للشعر بالزيتون175 ملى
  Search keyword: فيانسيه زيت مغذى للشعر بالزيتون175 ملى
  ✓ Found 1 products
  First match: فيانسيه زيت مغذي للشعر 7 في 1 - 175 مل
  Price: 42.8 EGP

[44/400] Processing: فيانسيه زيت شعر مغذى 7*1 175 ملى
  Search keyword: فيانسيه زيت شعر مغذى 7*1 175 ملى
  ✗ JSON file not found

[45/400] Processing: لوريال بديل الزيت 300 ملى تغذيه *9 اكثر للشعر العادى و الجاف
  Search keyword: لوريال بديل الزيت 300 ملى تغذيه *9 اكثر للشعر العادى و الجاف
  ✗ JSON file not found

[46/400] Processing: هيد شامبو ديتوكس بالفحم 400 مل
  Search keyword: هيد شامبو ديتوكس بالفحم 400 مل
  ✓ Found 40 products
  First match: شامبو هيد اند شولدرز ضد القشرة، ديتوكس الفحم - 400 مل
  Price: 219.95 EGP

[47/400] Processing: هيد شامبو 600 ملى عادى نظيف وانيق
  Search keyword: هيد شامبو 600 ملى عادى نظيف وانيق
  ✓ Found 40 products
  First match: شامبو هيد اند شولدرز ضد القشرة، نظيف وانيق - 600 مل
  Price: 279 EGP

[48/400] Processing: هيد شامبو 600 ملى عادى انسيابى وحرير
  Search keyword: هيد شامبو 600 ملى عادى انسيابى وحرير
  ✓ Found 40 products
  First match: شامبو هيد اند شولدرز ضد القشرة، انسيابي وحريري - 600 مل
  Price: 279 EGP

[49/400] Processing: هيد شامبو انسيابى وحريرى 400 مل
  Search keyword: هيد شامبو انسيابى وحريرى 400 مل
  ✓ Found 40 products
  First match: شامبو هيد اند شولدرز ضد القشرة، انسيابي وحريري - 600 مل
  Price: 279 EGP

[50/400] Processing: دوف كريم مركز 150جرام عادى
  Search keyword: دوف كريم مركز 150جرام عادى
  ✓ Found 40 products
  First match: ون كريم إزالة الشعر باللانولين للبشرة العادية - 90 جرام
  Price: 34.25 EGP

[51/400] Processing: دوف كريم الجمال 150جرام
  Search keyword: دوف كريم الجمال 150جرام
  ✓ Found 40 products
  First match: دوف بيوتي كريم بار صابون - 90 جرام
  Price: 34.95 EGP

[52/400] Processing: سيجنال وايت ناو اوريجينال 75 مل + فرشه
  Search keyword: سيجنال وايت ناو اوريجينال 75 مل +
  ✗ JSON file not found

[53/400] Processing: فيبكس 10 احمر حريمى
  Search keyword: فيبكس 10 احمر حريمى
  ✓ Found 40 products
  First match: المزارعون المصريون بيض أحمر - 10 بيضات
  Price: 75.75 EGP

[54/400] Processing: فيبكس 10 اخضر كلاسيك
  Search keyword: فيبكس 10 اخضر كلاسيك
  ✓ Found 40 products
  First match: كبسولات قهوة اي اسبريسو ألومنيوم كثافة 11 أخضر - 10 كبسولات
  Price: 242.45 EGP

[55/400] Processing: فيانسيه زيت مغذى للشعر بالصبار 175 ملى
  Search keyword: فيانسيه زيت مغذى للشعر بالصبار 175 ملى
  ✓ Found 40 products
  First match: فيانسيه زيت مغذي للشعر 7 في 1 - 175 مل
  Price: 42.8 EGP

[56/400] Processing: فيانسيه زيت شعر 7*1 بالخلطه السعوديه 175 ملى
  Search keyword: فيانسيه زيت شعر 7*1 بالخلطه السعوديه 175 ملى
  ✗ JSON file not found

[57/400] Processing: لوكس صابون بشره مثاليه 75جرام
  Search keyword: لوكس صابون بشره مثاليه 75جرام
  ✓ Found 40 products
  First match: لوكس صابون سحر الأوركيد - 165جرام - 4 قطع
  Price: 117.35 EGP

[58/400] Processing: ايفا جلسرين كريم بشره 170 جرام
  Search keyword: ايفا جلسرين كريم بشره 170 جرام
  ✓ Found 40 products
  First match: إيفا سكين كير كريم مرطب بالجلسرين - 170 جرام
  Price: 53 EGP

[59/400] Processing: ايفا سموكرز بودره اسنان بالمنتول 40 جرام
  Search keyword: ايفا سموكرز بودره اسنان بالمنتول 40 جرام
  ✓ Found 40 products
  First match: إيفا بودرة تنظيف أسنان بالمنثول - 45 جرام
  Price: 46.55 EGP

[60/400] Processing: تمارا فازلين طبى 110 ملى
  Search keyword: تمارا فازلين طبى 110 ملى
  ✓ Found 40 products
  First match: فلامينجو مزيل الصدأ - 110 مل
  Price: 90 EGP

[61/400] Processing: كامى صابون 115جرام عادى رومانسيه Romantique
  Search keyword: كامى صابون 115جرام عادى رومانسيه Romantique
  ✓ Found 40 products
  First match: كامي صابون - 165 جرام - 4 قطع
  Price: 103.8 EGP

[62/400] Processing: لوكس صابون بشره نضره 165جم
  Search keyword: لوكس صابون بشره نضره 165جم
  ✓ Found 40 products
  First match: لوكس صابون سحر الأوركيد - 165جرام - 4 قطع
  Price: 117.35 EGP

[63/400] Processing: كامى صابون 115جرام عادى اناقه
  Search keyword: كامى صابون 115جرام عادى اناقه
  ✓ Found 40 products
  First match: كامي صابون - 165 جرام - 4 قطع
  Price: 103.8 EGP

[64/400] Processing: اكس اسبراى برفان دارك تمبتيشن 17 ملى
  Search keyword: اكس اسبراى برفان دارك تمبتيشن 17 ملى
  ✓ Found 40 products
  First match: اكس دارك تيمبتيشن سبراي للجيب - 17 مل
  Price: 46.75 EGP

[65/400] Processing: بيور بودرة اطفال بدون عطر 200 جرام
  Search keyword: بيور بودرة اطفال بدون عطر 200 جرام
  ✓ Found 40 products
  First match: تيست بيور سجق تركي - 200 جرام
  Price: 89.75 EGP

[66/400] Processing: الو ايفا زيت بخلاصة الصبار 170 مل
  Search keyword: الو ايفا زيت بخلاصة الصبار 170 مل
  ✓ Found 40 products
  First match: زيت آلو إيفا لتقوية الشعر بخلاصة الصبار وزيت الزيتون - 170 مل
  Price: 69.55 EGP

[67/400] Processing: الو ايفا زيت بخلاصة الصبار 255 مل
  Search keyword: الو ايفا زيت بخلاصة الصبار 255 مل
  ✓ Found 40 products
  First match: زيت آلو إيفا لتقوية الشعر بخلاصة الصبار - 225 مل
  Price: 86.9 EGP

[68/400] Processing: الو ايفا زيت بخلاصة الصبار 85 مل
  Search keyword: الو ايفا زيت بخلاصة الصبار 85 مل
  ✓ Found 40 products
  First match: زيت آلو إيفا لتقوية الشعر بخلاصة الصبار - 225 مل
  Price: 86.9 EGP

[69/400] Processing: بيج بن فوم 200 ملى
  Search keyword: بيج بن فوم 200 ملى
  ✓ Found 40 products
  First match: بالك بخاخ ملمع للاحذية الشمواه - بني غامق - 200 مل
  Price: 189.95 EGP

[70/400] Processing: نوكس كريم حلاقة فوم للبشرة العادية 100 مل
  Search keyword: نوكس كريم حلاقة فوم للبشرة العادية 100 مل
  ✓ Found 40 products
  First match: كريم مرطب جونسون عناية للجسم، بالجلسرين، للبشرة الجافة - 100 مل
  Price: 72 EGP

[71/400] Processing: نوكس كريم حلاقة فوم للبشرة العادية 200 مل
  Search keyword: نوكس كريم حلاقة فوم للبشرة العادية 200 مل
  ✓ Found 40 products
  First match: جونسون كريم وجه وجسم المكثف من جونسون للبشرة الجافة إلي الجافة للغاية - 200 مل
  Price: 144 EGP

[72/400] Processing: ايفا اوبتيموم كير ريسبى لوشن للجسم برائحة جوز الهند 370 مل
  Search keyword: ايفا اوبتيموم كير ريسبى لوشن للجسم برائحة جوز الهند 370 مل
  ✓ Found 40 products
  First match: ايفا ريسبي لوشن برائحة المارشميلو - 370 مل
  Price: 174.95 EGP

[73/400] Processing: ايفا اوبتيموم كير ريسبى لوشن للجسم برائحة الخوخ 370 مل
  Search keyword: ايفا اوبتيموم كير ريسبى لوشن للجسم برائحة الخوخ 370 مل
  ✓ Found 40 products
  First match: ايفا لوشن مرطب للبشرة الجافة برائحة الخوخ - 370 مل
  Price: 174.95 EGP

[74/400] Processing: ايفا اوبتيموم كير ريسبى لوشن للجسم برائحة التوت 370 مل
  Search keyword: ايفا اوبتيموم كير ريسبى لوشن للجسم برائحة التوت 370 مل
  ✓ Found 40 products
  First match: ايفا ريسبي لوشن برائحة المارشميلو - 370 مل
  Price: 174.95 EGP

[75/400] Processing: ايفا اوبتيموم كير ريسبى لوشن للجسم برائحة الموكا 370 مل
  Search keyword: ايفا اوبتيموم كير ريسبى لوشن للجسم برائحة الموكا 370 مل
  ✓ Found 40 products
  First match: ايفا ريسبي لوشن برائحة المارشميلو - 370 مل
  Price: 174.95 EGP

[76/400] Processing: ايفا اوبتيموم كير ريسبى لوشن للجسم برائحة الفانيليا 370 مل
  Search keyword: ايفا اوبتيموم كير ريسبى لوشن للجسم برائحة الفانيليا 370 مل
  ✓ Found 40 products
  First match: ايفا ريسبي لوشن برائحة المارشميلو - 370 مل
  Price: 174.95 EGP

[77/400] Processing: لورد معجون حلاقه بالنعناع 55 جم
  Search keyword: لورد معجون حلاقه بالنعناع 55 جم
  ✓ Found 40 products
  First match: جرانولا بار لينو فواكه متنوعة - 55 جم
  Price: 40 EGP

[78/400] Processing: جوكى اسبراى نايت لايف 150 مل
  Search keyword: جوكى اسبراى نايت لايف 150 مل
  ✓ Found 40 products
  First match: زاك انتنس نايت رايد او دو برفان للرجال - 150 مل
  Price: 425 EGP

[79/400] Processing: كازانوفا زيت شعر 210 ملى زيت حيه
  Search keyword: كازانوفا زيت شعر 210 ملى زيت حيه
  ✓ Found 40 products
  First match: زيت آلو إيفا لتقوية الشعر بخلاصة الصبار - 225 مل
  Price: 86.9 EGP

[80/400] Processing: كازانوفا زيت شعر 210 ملى جوز هند
  Search keyword: كازانوفا زيت شعر 210 ملى جوز هند
  ✓ Found 40 products
  First match: بريستو زيت جوز هند - 250 مل
  Price: 102.3 EGP

[81/400] Processing: بيج بن فوم 200 ملى
  Search keyword: بيج بن فوم 200 ملى
  ✓ Found 40 products
  First match: بالك بخاخ ملمع للاحذية الشمواه - بني غامق - 200 مل
  Price: 189.95 EGP

[82/400] Processing: انجرام فوم حلاقه 200 ملى
  Search keyword: انجرام فوم حلاقه 200 ملى
  ✓ Found 40 products
  First match: رغوة حلاقة ديب للرجال من نيفيا - 200 مل
  Price: 232.25 EGP

[83/400] Processing: نوكس كريم حلاقة فوم للبشرة العادية 200 مل
  Search keyword: نوكس كريم حلاقة فوم للبشرة العادية 200 مل
  ✓ Found 40 products
  First match: جونسون كريم وجه وجسم المكثف من جونسون للبشرة الجافة إلي الجافة للغاية - 200 مل
  Price: 144 EGP

[84/400] Processing: كازانوفا زيت شعر 210 ملى جرجير
  Search keyword: كازانوفا زيت شعر 210 ملى جرجير
  ✓ Found 40 products
  First match: زيت للشعر غني بالجرجير من دابر فاتيكا - 180 مل
  Price: 45.45 EGP

[85/400] Processing: نوكس كريم حلاقة فوم للبشرة العادية 100 مل
  Search keyword: نوكس كريم حلاقة فوم للبشرة العادية 100 مل
  ✓ Found 40 products
  First match: كريم مرطب جونسون عناية للجسم، بالجلسرين، للبشرة الجافة - 100 مل
  Price: 72 EGP

[86/400] Processing: فوج اسبراى ديناميكى جيب 17 ملى
  Search keyword: فوج اسبراى ديناميكى جيب 17 ملى
  ✓ Found 40 products
  First match: اكس دارك تيمبتيشن سبراي للجيب - 17 مل
  Price: 46.75 EGP

[87/400] Processing: اوسم عطر اسبراى 120 ملى حريمى تشيرش
  Search keyword: اوسم عطر اسبراى 120 ملى حريمى تشيرش
  ✓ Found 40 products
  First match: اوسوم تشريش سبراي مزيل العرق للجسم للنساء - 120 مل
  Price: 124.25 EGP

[88/400] Processing: اوسم عطر اسبراى 120 ملى حريمى باشون
  Search keyword: اوسم عطر اسبراى 120 ملى حريمى باشون
  ✓ Found 40 products
  First match: اوسوم تشريش سبراي مزيل العرق للجسم للنساء - 120 مل
  Price: 124.25 EGP

[89/400] Processing: بيور بودره ثلج اكياس 60 جرام
  Search keyword: بيور بودره ثلج اكياس 60 جرام
  ✓ Found 40 products
  First match: الفتح أكياس قمامة - لون أزرق - 60 في 70 سم - 500 جرام
  Price: 89 EGP

[90/400] Processing: جوكى اسبراى صن سيت 150 مل
  Search keyword: جوكى اسبراى صن سيت 150 مل
  ✓ Found 40 products
  First match: لوشن نيفيا صن للاطفال، معادل حماية 50+ - 150 مل
  Price: 904 EGP

[91/400] Processing: فوج عطر اسبراى 120 ملى ديناميك
  Search keyword: فوج عطر اسبراى 120 ملى ديناميك
  ✓ Found 40 products
  First match: فوج اسينس سبراي عطر للنساء - 120 مللى
  Price: 124.25 EGP

[92/400] Processing: ريكسونا اسبراى حريمى بامبو + بامبو 150مل
  Search keyword: ريكسونا اسبراى حريمى بامبو + بامبو 150مل
  ✗ JSON file not found

[93/400] Processing: دوف اسبراى بالخيار والشاى الاخضر 150 مل
  Search keyword: دوف اسبراى بالخيار والشاى الاخضر 150 مل
  ✓ Found 40 products
  First match: سبراي مزيل عرق دوف فريش بالخيار - 150 مل
  Price: 169.2 EGP

[94/400] Processing: فوج عطر اسبراى 120 ملى حريمى ايسنس
  Search keyword: فوج عطر اسبراى 120 ملى حريمى ايسنس
  ✓ Found 40 products
  First match: فوج بارادايس سبراي عطر للسيدات - 120 مللي
  Price: 124.25 EGP

[95/400] Processing: اسبراى رجالى بليونير ذهبى 150مل XL
  Search keyword: اسبراى رجالى بليونير ذهبى 150مل XL
  ✓ Found 40 products
  First match: مارشميلو اكس لارج تيكا - 40 جرام
  Price: 12.85 EGP

[96/400] Processing: اسبراى رجالى ازارو ازرق 150مل XL
  Search keyword: اسبراى رجالى ازارو ازرق 150مل XL
  ✓ Found 40 products
  First match: مارشميلو اكس لارج تيكا - 40 جرام
  Price: 12.85 EGP

[97/400] Processing: اسبراى رجالى رويال عود 150مل XL
  Search keyword: اسبراى رجالى رويال عود 150مل XL
  ✓ Found 40 products
  First match: مارشميلو اكس لارج تيكا - 40 جرام
  Price: 12.85 EGP

[98/400] Processing: جوكي هير واكس صفيح 100 جم (اصفر)
  Search keyword: جوكي هير واكس صفيح 100 جم
  ✓ Found 40 products
  First match: شعرية اندومي بنكهة اللحم سريعة التحضير - 100 جم
  Price: 9 EGP

[99/400] Processing: كازانوفا كريم شعر 150 ملى زجاج اصفر
  Search keyword: كازانوفا كريم شعر 150 ملى زجاج اصفر
  ✓ Found 40 products
  First match: لورد كريم تصفيف الشعر للرجال - 150 مل
  Price: 124.95 EGP

[100/400] Processing: كازانوفا كريم شعر 150 ملى زجاج ابيض للشعر العادى
  Search keyword: كازانوفا كريم شعر 150 ملى زجاج ابيض للشعر العادى
  ✓ Found 40 products
  First match: لورد كريم تصفيف الشعر للرجال - 150 مل
  Price: 124.95 EGP

[101/400] Processing: اسبراى رجالى لا هوم 1 فضى 150مل XL
  Search keyword: اسبراى رجالى لا هوم 1 فضى 150مل XL
  ✓ Found 40 products
  First match: توداى بار كيك بالشوكولاتة - كبير جدا - 1 قطعة
  Price: 5.5 EGP

[102/400] Processing: اسبراى رجالى رويال عود 150مل XL
  Search keyword: اسبراى رجالى رويال عود 150مل XL
  ✓ Found 40 products
  First match: مارشميلو اكس لارج تيكا - 40 جرام
  Price: 12.85 EGP

[103/400] Processing: ريبوك اسبراى مزيل عرق رجالى اواكن 150 مل
  Search keyword: ريبوك اسبراى مزيل عرق رجالى اواكن 150 مل
  ✓ Found 40 products
  First match: فا انفيزيبل باور سبراي مضاد ومزيل العرق للرجال - 150 مل
  Price: 114.95 EGP

[104/400] Processing: ريبوك اسبراى مزيل عرق رجالى ريفال 150 مل
  Search keyword: ريبوك اسبراى مزيل عرق رجالى ريفال 150 مل
  ✓ Found 40 products
  First match: فا انفيزيبل باور سبراي مضاد ومزيل العرق للرجال - 150 مل
  Price: 114.95 EGP

[105/400] Processing: ريبوك اسبراى مزيل عرق رجالى موف يور سبريت 150 مل
  Search keyword: ريبوك اسبراى مزيل عرق رجالى موف يور سبريت 150 مل
  ✓ Found 40 products
  First match: سبراي مزيل لرائحة العرق سلازنجر تركواز للرجال - 150 مل
  Price: 190 EGP

[106/400] Processing: اكس اسبراى مستورد 150 مل
  Search keyword: اكس اسبراى مستورد 150 مل
  ✓ Found 40 products
  First match: اكس الاميرالد ساج سبراي مزيل عرق بريميوم - 150 مل
  Price: 182.75 EGP

[107/400] Processing: ريكسونا رول اون حريمى انتعاش الاستحمام 20 مل
  Search keyword: ريكسونا رول اون حريمى انتعاش الاستحمام 20 مل
  ✓ Found 40 products
  First match: جل استحمام لونا توت تويست + حليب الورد خصم 20% - 500 مل
  Price: 111.25 EGP

[108/400] Processing: ريكسونا رول اون بامبو اخضر 20 مل
  Search keyword: ريكسونا رول اون بامبو اخضر 20 مل
  ✓ Found 40 products
  First match: إفصل رول اكياس قمامة - 70 * 90 سم - 20 كيس - أخضر وأزرق
  Price: 60.35 EGP

[109/400] Processing: اسبراى رجالى ازارو ازرق 150مل XL
  Search keyword: اسبراى رجالى ازارو ازرق 150مل XL
  ✓ Found 40 products
  First match: مارشميلو اكس لارج تيكا - 40 جرام
  Price: 12.85 EGP

[110/400] Processing: تيد لابيدوس اسبراى مزيل عرق حريمى رومبا 200 مل
  Search keyword: تيد لابيدوس اسبراى مزيل عرق حريمى رومبا 200 مل
  ✓ Found 40 products
  First match: اليجانت باشون سبراي مزيل عرق للنساء - 200 مل
  Price: 82.45 EGP

[111/400] Processing: جاك بوغارت اسبراى مزيل عرق رجالى وان مان شو 200 مل
  Search keyword: جاك بوغارت اسبراى مزيل عرق رجالى وان مان شو 200 مل
  ✓ Found 40 products
  First match: اليجانت باشون سبراي مزيل عرق للنساء - 200 مل
  Price: 82.45 EGP

[112/400] Processing: ريبوك اسبراى مزيل عرق رجالى اواكن 150 مل
  Search keyword: ريبوك اسبراى مزيل عرق رجالى اواكن 150 مل
  ✓ Found 40 products
  First match: فا انفيزيبل باور سبراي مضاد ومزيل العرق للرجال - 150 مل
  Price: 114.95 EGP

[113/400] Processing: اسبراى رجالى لا هوم 1 فضى 150مل XL
  Search keyword: اسبراى رجالى لا هوم 1 فضى 150مل XL
  ✓ Found 40 products
  First match: توداى بار كيك بالشوكولاتة - كبير جدا - 1 قطعة
  Price: 5.5 EGP

[114/400] Processing: اسبراى رجالى بليونير ذهبى 150مل XL
  Search keyword: اسبراى رجالى بليونير ذهبى 150مل XL
  ✓ Found 40 products
  First match: مارشميلو اكس لارج تيكا - 40 جرام
  Price: 12.85 EGP

[115/400] Processing: اوسم عطر اسبراى 120 ملى حريمى تشيرش
  Search keyword: اوسم عطر اسبراى 120 ملى حريمى تشيرش
  ✓ Found 40 products
  First match: اوسوم تشريش سبراي مزيل العرق للجسم للنساء - 120 مل
  Price: 124.25 EGP

[116/400] Processing: ريكسونا رول اون حريمى انتعاش الاستحمام 50 مل
  Search keyword: ريكسونا رول اون حريمى انتعاش الاستحمام 50 مل
  ✓ Found 40 products
  First match: ريكسونا رول اون مزيل رائحة العرق إينفيزيبل بلاك & وايت - 50 مل
  Price: 75 EGP

[117/400] Processing: دوف رول اون برائحه الرمان وزهره الليمون 50 مل
  Search keyword: دوف رول اون برائحه الرمان وزهره الليمون 50 مل
  ✓ Found 40 products
  First match: دوف جو فريش مزيل عرق رول أون بالرمان والليمون - 50 مل
  Price: 89.95 EGP

[118/400] Processing: ريكسونا رول اون رجالى غير مرئى 50 مل
  Search keyword: ريكسونا رول اون رجالى غير مرئى 50 مل
  ✓ Found 40 products
  First match: فا أتراكشن فورس مزيل عرق رول أون للرجال - 50 مل
  Price: 54.95 EGP

[119/400] Processing: ريكسونا رول اون 50 مل انفيزبل حريمى
  Search keyword: ريكسونا رول اون 50 مل انفيزبل حريمى
  ✓ Found 40 products
  First match: ريكسونا رول اون مزيل رائحة العرق إينفيزيبل بلاك & وايت - 50 مل
  Price: 75 EGP

[120/400] Processing: فا رول اون حريمى سوفت اند كنترول 50مل
  Search keyword: فا رول اون حريمى سوفت اند كنترول 50مل
  ✓ Found 40 products
  First match: فا سوفت آند كنترول مزيل عرق رول أون - 50 مل
  Price: 69.95 EGP

[121/400] Processing: فا رول اون رجالى انفزبل 50مل
  Search keyword: فا رول اون رجالى انفزبل 50مل
  ✓ Found 40 products
  First match: رول أون فا مزيل للعرق أتراكشن فورس للرجال - 50مل
  Price: 69.95 EGP

[122/400] Processing: اورال شين فرشه اسنان كبار بغطاء
  Search keyword: اورال شين اسنان كبار بغطاء
  ✓ Found 40 products
  First match: أورال بي فرشاة أسنان بالفحم للتبييض والعلاج - 1 فرشاة
  Price: 169.75 EGP

[123/400] Processing: فاتيكا حنه اسود 60 كيس
  Search keyword: فاتيكا حنه اسود 60
  ✓ Found 40 products
  First match: فرن غاز بلت ان فريش بشواية 60 سم 56 لتر - اسود - 17509
  Price: 14980 EGP

[124/400] Processing: بانتين شامبو صحى ونظيف 200 مل
  Search keyword: بانتين شامبو صحى ونظيف 200 مل
  ✓ Found 40 products
  First match: سائل غسيل أطباق بالبلسم من فيبا - 3 لتر
  Price: 104.95 EGP

[125/400] Processing: بانتين شامبو ضد تساقط الشعر 200 مل
  Search keyword: بانتين شامبو ضد تساقط الشعر 200 مل
  ✓ Found 40 products
  First match: شامبو بانتين برو-في علاج من تساقط الشعر - 600 مل
  Price: 261.95 EGP

[126/400] Processing: بانتين شامبو 400 ملى عادى عنايه مرطبه
  Search keyword: بانتين شامبو 400 ملى عادى عنايه مرطبه
  ✓ Found 40 products
  First match: بانتين برو-في شامبو للعناية اليومية - 400 مل
  Price: 193.75 EGP

[127/400] Processing: بانتين شامبو 200 ملى عادى انسيابى وحريرى
  Search keyword: بانتين شامبو 200 ملى عادى انسيابى وحريرى
  ✓ Found 40 products
  First match: شامبو بانتين لشعر انسيابي وحريري - 400 مل
  Price: 193.75 EGP

[128/400] Processing: نيفيا كريم ازرق 30 مل
  Search keyword: نيفيا كريم ازرق 30 مل
  ✓ Found 40 products
  First match: دوبيلا ملون طعام جل أزرق - 30 مل
  Price: 28.5 EGP

[129/400] Processing: بيور فازلين 110 ملى
  Search keyword: بيور فازلين 110 ملى
  ✓ Found 40 products
  First match: فلامينجو مزيل الصدأ - 110 مل
  Price: 90 EGP

[130/400] Processing: انجرام كريم حلاقه 40 جرام
  Search keyword: انجرام كريم حلاقه 40 جرام
  ✓ Found 40 products
  First match: ون كريم إزالة الشعر بالكاموميل للبشرة الحساسة - 40 جرام
  Price: 23.25 EGP

[131/400] Processing: بانتين شامبو 600 ملى عناية للشعر التالف
  Search keyword: بانتين شامبو 600 ملى عناية للشعر التالف
  ✓ Found 40 products
  First match: شامبو بانتين برو-في علاج ميلكي للشعر التالف - 600 مل
  Price: 261.95 EGP

[132/400] Processing: بانتين شامبو ضد التساقط 600 مل
  Search keyword: بانتين شامبو ضد التساقط 600 مل
  ✓ Found 40 products
  First match: سائل غسيل أطباق بالبلسم من فيبا - 3 لتر
  Price: 104.95 EGP

[133/400] Processing: بانتين شامبو عنايه ملكى للتلف 200 مل
  Search keyword: بانتين شامبو عنايه ملكى للتلف 200 مل
  ✓ Found 40 products
  First match: بانتين برو-في شامبو للعناية اليومية - 400 مل
  Price: 193.75 EGP

[134/400] Processing: بانتين شامبو عنايه ملكى للتلف 400 مل
  Search keyword: بانتين شامبو عنايه ملكى للتلف 400 مل
  ✓ Found 40 products
  First match: بانتين برو-في شامبو للعناية اليومية - 400 مل
  Price: 193.75 EGP

[135/400] Processing: فاتيكا حنه بنى 60 كيس
  Search keyword: فاتيكا حنه بنى 60
  ✓ Found 1 products
  First match: حنة فاتيكا لتلوين الشعر - 04 بني - 10 جم
  Price: 36.95 EGP

[136/400] Processing: بيور زبده كاكاو جوز هند
  Search keyword: بيور زبده كاكاو جوز هند
  ✗ Scraper failed

[137/400] Processing: بيور زبده كاكاو فراوله
  Search keyword: بيور زبده كاكاو فراوله
  ✓ Found 40 products
  First match: لونا كريم لليدين والجسم - رائحة زبدة الكاكاو - 300 مللي
  Price: 169 EGP

[138/400] Processing: فيانسيه كريم جل 225 ملى ضد القشره 2*1 اخضر
  Search keyword: فيانسيه كريم جل 225 ملى ضد القشره 2*1 اخضر
  ✗ JSON file not found

[139/400] Processing: فيانسيه كريم جل 225 ملى ترطيب و حمايه و تغذيه 2*1 احمر
  Search keyword: فيانسيه كريم جل 225 ملى ترطيب و حمايه و تغذيه 2*1 احمر
  ✗ JSON file not found

[140/400] Processing: فيانسيه كريم جل 225 ملى بالعسل 2*1 اصفر
  Search keyword: فيانسيه كريم جل 225 ملى بالعسل 2*1 اصفر
  ✗ JSON file not found

[141/400] Processing: جوكى كريم هير فود مغذى ومرطب 150 جرام
  Search keyword: جوكى كريم هير فود مغذى ومرطب 150 جرام
  ✓ Found 40 products
  First match: كيري جبنة كريمي سبريد - 150 جرام
  Price: 98.2 EGP

[142/400] Processing: جوكى كريم هير فود بزيت الزيتون 150 جرام
  Search keyword: جوكى كريم هير فود بزيت الزيتون 150 جرام
  ✓ Found 40 products
  First match: هيلثي ميل وافل مقرمش بزيت زيتون والزعتر - 150 جرام
  Price: 61.5 EGP

[143/400] Processing: جوكى كريم هير فود بجوز الهند 150 جرام
  Search keyword: جوكى كريم هير فود بجوز الهند 150 جرام
  ✓ Found 40 products
  First match: شوكولاتة باونتي مينيتورز بجوز الهند - 150 جرام
  Price: 145 EGP

[144/400] Processing: فيانسيه كريم جل 225 ملى قوه ثلاثيه 2*1 موف
  Search keyword: فيانسيه كريم جل 225 ملى قوه ثلاثيه 2*1 موف
  ✗ JSON file not found

[145/400] Processing: فيانسيه هيرفود 125 ملى
  Search keyword: فيانسيه هيرفود 125 ملى
  ✓ Found 40 products
  First match: فيانسيه كريم جل لترطيب اكثر للشعر - 125 مل
  Price: 39.8 EGP

[146/400] Processing: فيبكس 10 ازرق رجالى
  Search keyword: فيبكس 10 ازرق رجالى
  ✓ Found 40 products
  First match: ماكينات حلاقة جيليت بلو تو بلس للرجال - 10 قطع
  Price: 193.5 EGP

[147/400] Processing: جوكي اسبراي مثبت شعر اكسترا هولد 500 مل
  Search keyword: جوكي اسبراي مثبت شعر اكسترا هولد 500 مل
  ✓ Found 40 products
  First match: سبراي تثبيت الشعر انيرجي الترا هولد - 500 مل
  Price: 258.85 EGP

[148/400] Processing: جوكي اسبراي مثبت شعر الترا هولد 500 مل
  Search keyword: جوكي اسبراي مثبت شعر الترا هولد 500 مل
  ✓ Found 40 products
  First match: سبراي تثبيت الشعر انيرجي الترا هولد - 500 مل
  Price: 258.85 EGP

[149/400] Processing: تريو شاور جل بالعود الملكى 800 مل
  Search keyword: تريو شاور جل بالعود الملكى 800 مل
  ✓ Found 40 products
  First match: تريو برو شاور جل برائحه العود الملكي - 800 مل
  Price: 74.2 EGP

[150/400] Processing: نيفيا كريم ازرق 60 مل
  Search keyword: نيفيا كريم ازرق 60 مل
  ✓ Found 40 products
  First match: نيفيا كريم للوجه لجميع الأغراض - 60 مل
  Price: 72 EGP

[151/400] Processing: بانتين شامبو انسيابي وحريري 600 مل
  Search keyword: بانتين شامبو انسيابي وحريري 600 مل
  ✓ Found 40 products
  First match: شامبو بانتين لشعر انسيابي وحريري - 400 مل
  Price: 193.75 EGP

[152/400] Processing: هيد شامبو 200 ملى عادى نظيف و انيق
  Search keyword: هيد شامبو 200 ملى عادى نظيف و انيق
  ✓ Found 40 products
  First match: شامبو هيد اند شولدرز ضد القشرة، نظيف وانيق - 600 مل
  Price: 279 EGP

[153/400] Processing: هيد شامبو انتعاش النعناع 200 مل
  Search keyword: هيد شامبو انتعاش النعناع 200 مل
  ✓ Found 40 products
  First match: سائل غسيل أطباق بالبلسم من فيبا - 3 لتر
  Price: 104.95 EGP

[154/400] Processing: هيد شامبو 200 ملى انسيابي وحريري
  Search keyword: هيد شامبو 200 ملى انسيابي وحريري
  ✓ Found 40 products
  First match: شامبو هيد اند شولدرز ضد القشرة، انسيابي وحريري - 600 مل
  Price: 279 EGP

[155/400] Processing: هيد شامبو انتعاش النعناع 200 مل
  Search keyword: هيد شامبو انتعاش النعناع 200 مل
  ✓ Found 40 products
  First match: سائل غسيل أطباق بالبلسم من فيبا - 3 لتر
  Price: 104.95 EGP

[156/400] Processing: هيد شامبو 200 ملى انسيابي وحريري
  Search keyword: هيد شامبو 200 ملى انسيابي وحريري
  ✓ Found 40 products
  First match: شامبو هيد اند شولدرز ضد القشرة، انسيابي وحريري - 600 مل
  Price: 279 EGP

[157/400] Processing: بانتين شامبو عنايه ملكى للتلف 200 مل
  Search keyword: بانتين شامبو عنايه ملكى للتلف 200 مل
  ✓ Found 40 products
  First match: بانتين برو-في شامبو للعناية اليومية - 400 مل
  Price: 193.75 EGP

[158/400] Processing: بانتين شامبو صحى ونظيف 200 مل
  Search keyword: بانتين شامبو صحى ونظيف 200 مل
  ✓ Found 40 products
  First match: سائل غسيل أطباق بالبلسم من فيبا - 3 لتر
  Price: 104.95 EGP

[159/400] Processing: بانتين شامبو ضد تساقط الشعر 200 مل
  Search keyword: بانتين شامبو ضد تساقط الشعر 200 مل
  ✓ Found 40 products
  First match: شامبو بانتين برو-في علاج من تساقط الشعر - 600 مل
  Price: 261.95 EGP

[160/400] Processing: بيور فازلين 50 ملى
  Search keyword: بيور فازلين 50 ملى
  ✓ Found 40 products
  First match: معجون اسنان ايموفورم، للاسنان الحساسة - 50 مل
  Price: 110.7 EGP

[161/400] Processing: بيور فازلين 30 ملى
  Search keyword: بيور فازلين 30 ملى
  ✓ Found 40 products
  First match: لوريال باريس سيروم جليكوليك برايت بلمعان فوري - 30 مل
  Price: 484.4 EGP

[162/400] Processing: جوكى رول اون لاف 50 مل
  Search keyword: جوكى رول اون لاف 50 مل
  ✓ Found 40 products
  First match: فيبكس ماستيك مزيل عرق رول أون - 50 مل
  Price: 49 EGP

[163/400] Processing: بيور فازلين 30 ملى
  Search keyword: بيور فازلين 30 ملى
  ✓ Found 40 products
  First match: لوريال باريس سيروم جليكوليك برايت بلمعان فوري - 30 مل
  Price: 484.4 EGP

[164/400] Processing: جوكى رول اون ذا هيرو 50 مل
  Search keyword: جوكى رول اون ذا هيرو 50 مل
  ✓ Found 40 products
  First match: رول اون ماليزيا مزيل لرائحة العرق، كيرتيزا - 50 مل
  Price: 44 EGP

[165/400] Processing: جليسوليد كريم 20 ملى
  Search keyword: جليسوليد كريم 20 ملى
  ✓ Found 40 products
  First match: كرتونة مياه شرب طبيعية من نستله - 600 مل - 20 عبوة
  Price: 99.95 EGP

[166/400] Processing: نيفيا كريم زبدة كاكاو 50مل
  Search keyword: نيفيا كريم زبدة كاكاو 50مل
  ✗ Scraper failed

[167/400] Processing: نيفيا كريم ناتشورال جلو فيرنس 50مل
  Search keyword: نيفيا كريم ناتشورال جلو فيرنس 50مل
  ✓ Found 40 products
  First match: نيفيا ناتشورال فيرنيس كريم الوجه والجسم - 200 مللي
  Price: 121.2 EGP

[168/400] Processing: نيفيا سوفت كريم ابيض 20مل
  Search keyword: نيفيا سوفت كريم ابيض 20مل
  ✓ Found 40 products
  First match: نيفيا سوفت كريم مرطب - 300 مللي
  Price: 155 EGP

[169/400] Processing: بيور بودره ثلج اكياس 60 جرام
  Search keyword: بيور بودره ثلج اكياس 60 جرام
  ✓ Found 40 products
  First match: الفتح أكياس قمامة - لون أزرق - 60 في 70 سم - 500 جرام
  Price: 89 EGP

[170/400] Processing: لورد معجون حلاقه بالنعناع 55 جم
  Search keyword: لورد معجون حلاقه بالنعناع 55 جم
  ✓ Found 40 products
  First match: جرانولا بار لينو فواكه متنوعة - 55 جم
  Price: 40 EGP

[171/400] Processing: جيليت فينوس سيمبلى 8 + 4 بخلاصه الالوه
  Search keyword: جيليت فينوس سيمبلى 8 + 4 بخلاصه الالوه
  ✗ JSON file not found

[172/400] Processing: دابر مسواك جولد توتال كير 50 جرام +10 جرام زياده
  Search keyword: دابر مسواك جولد توتال كير 50 جرام +10 جرام
  ✗ JSON file not found

[173/400] Processing: بيور فرشه كبار اورجينال سوفت
  Search keyword: بيور كبار اورجينال سوفت
  ✓ Found 40 products
  First match: فاين كير حفاضات للكبار من الجنسين - اكس لارج - 28 حفاضة
  Price: 503.85 EGP

[174/400] Processing: جليسوليد كريم 40 ملى
  Search keyword: جليسوليد كريم 40 ملى
  ✓ Found 40 products
  First match: كريم ايفا سكين كلينيك بالكولاجين للخطوط التعبيرية وتقليل علامات تقدم السن - 40 مل
  Price: 254.5 EGP

[175/400] Processing: فيانسيه كريم 7*1 بالبصل والخروع 125مل
  Search keyword: فيانسيه كريم 7*1 بالبصل والخروع 125مل
  ✗ JSON file not found

[176/400] Processing: ليالى الحلميه برفان 50 مل
  Search keyword: ليالى الحلميه برفان 50 مل
  ✓ Found 40 products
  First match: فيبكس ماستيك مزيل عرق رول أون - 50 مل
  Price: 49 EGP

[177/400] Processing: جيليت بلو تو بلاس اكياس 5 ق حريمى
  Search keyword: جيليت بلو تو بلاس اكياس 5 ق حريمى
  ✓ Found 40 products
  First match: جيليت بلو 2 بلس ماكينة حلاقة للنساء - 5 قطع
  Price: 78.95 EGP

[178/400] Processing: جيليت بلو تو بلاس مكينه 15+5
  Search keyword: جيليت بلو تو بلاس 15+5
  ✗ JSON file not found

[179/400] Processing: نسائم برفان ليلى 65 ملى
  Search keyword: نسائم برفان ليلى 65 ملى
  ✓ Found 40 products
  First match: تليفزيون ال جي 65 بوصة 4K فائق الدقة سمارت مدعم بالذكاء الاصطناعي - 65UA85006LA
  Price: 28999 EGP

[180/400] Processing: ليالى الحلميه برفان 100 مل + اسبراى 100 مل مجانا
  Search keyword: ليالى الحلميه برفان 100 مل + اسبراى 100 مل
  ✗ JSON file not found

[181/400] Processing: وان مان شو برفان اصلى فضى 100 مل
  Search keyword: وان مان شو برفان اصلى فضى 100 مل
  ✓ Found 40 products
  First match: برافو 100 قلم جاف - ألوان متنوعة - 25 قلم
  Price: 159 EGP

[182/400] Processing: وان مان شو برفان اصلى احمر روبى 100 مل
  Search keyword: وان مان شو برفان اصلى احمر روبى 100 مل
  ✓ Found 40 products
  First match: فيشر مان كافيار أحمر - 100 جم
  Price: 295 EGP

[183/400] Processing: نسائم برفان عود 65 ملى
  Search keyword: نسائم برفان عود 65 ملى
  ✓ Found 40 products
  First match: تليفزيون ال جي 65 بوصة 4K فائق الدقة سمارت مدعم بالذكاء الاصطناعي - 65UA85006LA
  Price: 28999 EGP

[184/400] Processing: نسائم سبراى القلعة السوداء 65 ملى
  Search keyword: نسائم سبراى القلعة السوداء 65 ملى
  ✓ Found 40 products
  First match: تليفزيون ال جي 65 بوصة 4K فائق الدقة سمارت مدعم بالذكاء الاصطناعي - 65UA85006LA
  Price: 28999 EGP

[185/400] Processing: دوركو ايف 2 سيمبل ماكينه حريمى كيس 5+1
  Search keyword: دوركو ايف 2 سيمبل ماكينه حريمى 5+1
  ✗ JSON file not found

[186/400] Processing: دوركو تى جى بلس 2 ماكينه رجالى كيس 5+1
  Search keyword: دوركو تى جى بلس 2 ماكينه رجالى 5+1
  ✗ JSON file not found

[187/400] Processing: جى بى برفان 100 ملى VIP Black
  Search keyword: جى بى برفان 100 ملى VIP Black
  ✓ Found 40 products
  First match: محضرة قهوة تركي تورنيدو أوتوماتيك- 330 مل- أسود – TCME-100-ESBL
  Price: 2799 EGP

[188/400] Processing: جى بى برفان اس اي اس اسود 100مل
  Search keyword: جى بى برفان اس اي اس اسود 100مل
  ✓ Found 40 products
  First match: اتش بي 15-fc0036ne لابتوب - ايه ام دي رايزن 7 7730U - 512 جيجابايت اس اس دي - 16 جيجابايت رام - شاشة 15.6 بوصة - معالج رسومي ايه ام دي مدمج ويندوز 11 - أسود
  Price: 29773 EGP

[189/400] Processing: جى بى برفان اس اي اس اسود 100مل
  Search keyword: جى بى برفان اس اي اس اسود 100مل
  ✓ Found 40 products
  First match: اتش بي 15-fc0036ne لابتوب - ايه ام دي رايزن 7 7730U - 512 جيجابايت اس اس دي - 16 جيجابايت رام - شاشة 15.6 بوصة - معالج رسومي ايه ام دي مدمج ويندوز 11 - أسود
  Price: 29773 EGP

[190/400] Processing: جى بى برفان 100 ملى VIP Black
  Search keyword: جى بى برفان 100 ملى VIP Black
  ✓ Found 40 products
  First match: محضرة قهوة تركي تورنيدو أوتوماتيك- 330 مل- أسود – TCME-100-ESBL
  Price: 2799 EGP

[191/400] Processing: جى بى برفان 100 ملى سيس احمر
  Search keyword: جى بى برفان 100 ملى سيس احمر
  ✓ Found 40 products
  First match: أو جي إكس زيت جوز الهند المغذي - 100 مل
  Price: 387.95 EGP

[192/400] Processing: دوركو ماكينه عاديه ازرق 2 موس كيس 5+1
  Search keyword: دوركو ماكينه عاديه ازرق 2 موس 5+1
  ✗ JSON file not found

[193/400] Processing: خمس خمسات كريم حلاقه 50 جرام
  Search keyword: خمس خمسات كريم حلاقه 50 جرام
  ✓ Found 40 products
  First match: إيڤا سكين كير كريم تفتيح للمناطق الحساسة - 50 جرام
  Price: 78 EGP

[194/400] Processing: اميجو فرشه حلاقة مصرى
  Search keyword: اميجو حلاقة مصرى
  ✓ Found 40 products
  First match: ارز مصرى الضحى - 1 كجم
  Price: 42.95 EGP

[195/400] Processing: فاين بيبى حفاضات اطفال حديث الولادة شنطه×18
  Search keyword: فاين بيبى حفاضات اطفال حديث الولادة شنطه×18
  ✗ JSON file not found

[196/400] Processing: دوف مجموعة الشعر الكيرلى شامبو + بلسم + ليف ان كريم
  Search keyword: دوف مجموعة الشعر الكيرلى شامبو + بلسم + ليف ان كريم
  ✗ JSON file not found

[197/400] Processing: اورال شين فرشه اسنان كبار بغطاء
  Search keyword: اورال شين اسنان كبار بغطاء
  ✓ Found 40 products
  First match: أورال بي فرشاة أسنان بالفحم للتبييض والعلاج - 1 فرشاة
  Price: 169.75 EGP

[198/400] Processing: سباركل شامبو للشعر العادى 600 مل
  Search keyword: سباركل شامبو للشعر العادى 600 مل
  ✓ Found 40 products
  First match: سائل غسيل أطباق بالبلسم من فيبا - 3 لتر
  Price: 104.95 EGP

[199/400] Processing: سباركل شامبو للشعر الجاف 600 مل
  Search keyword: سباركل شامبو للشعر الجاف 600 مل
  ✓ Found 40 products
  First match: سائل غسيل أطباق بالبلسم من فيبا - 3 لتر
  Price: 104.95 EGP

[200/400] Processing: لاكتويل بلسم 750 ملى اصفر
  Search keyword: لاكتويل بلسم 750 ملى اصفر
  ✓ Found 40 products
  First match: سيف منظف كريمي بالحبيبات الفعالة ورائحة الليمون - 750 مل
  Price: 154.2 EGP

[201/400] Processing: لوكس هاندووش الورد الناعم 500 مل
  Search keyword: لوكس هاندووش الورد الناعم 500 مل
  ✓ Found 40 products
  First match: لوكس سيلك سينسيشن شاور جل - 500 مل
  Price: 89.95 EGP

[202/400] Processing: دوف شامبو 180ملى اصلاح
  Search keyword: دوف شامبو 180ملى اصلاح
  ✓ Found 40 products
  First match: دوف شامبو للإصلاح المكثف - 600 مل
  Price: 169 EGP

[203/400] Processing: دوف شامبو 180ملى العنايه اليوميه
  Search keyword: دوف شامبو 180ملى العنايه اليوميه
  ✓ Found 40 products
  First match: دوف شامبو عناية يومية - 600 مل
  Price: 156.6 EGP

[204/400] Processing: لوريال شامبو 200 ملى الفيف توتال ريبير 5
  Search keyword: لوريال شامبو 200 ملى الفيف توتال ريبير 5
  ✓ Found 40 products
  First match: بلسم إلفيف معالجة كاملة 5 من لوريال باريس - 200 مل
  Price: 115 EGP

[205/400] Processing: لوريال شامبو 200 ملى الفيف مقاومه كامله لتساقط الشعر
  Search keyword: لوريال شامبو 200 ملى الفيف مقاومه كامله لتساقط الشعر
  ✓ Found 40 products
  First match: لوريال باريس إلفيف كريم تصفيف الشعر للمقاومة الكاملة - 200 مل
  Price: 229 EGP

[206/400] Processing: لاكتويل بلسم 250ملى اخضر
  Search keyword: لاكتويل بلسم 250ملى اخضر
  ✓ Found 40 products
  First match: بلسم حاج عرفة بزيت الجوجوبا - 250مل
  Price: 125 EGP

[207/400] Processing: سباركل شامبو للشعر الجاف 350 مل
  Search keyword: سباركل شامبو للشعر الجاف 350 مل
  ✓ Found 40 products
  First match: سائل غسيل أطباق بالبلسم من فيبا - 3 لتر
  Price: 104.95 EGP

[208/400] Processing: لوريال الفيف شامبو هيالورون بيور 400 مل
  Search keyword: لوريال الفيف شامبو هيالورون بيور 400 مل
  ✓ Found 40 products
  First match: لوريال باريس إلفيف شامبو إكسترا اورديناري أويل للشعر العادي والجاف - 400 مل
  Price: 170 EGP

[209/400] Processing: لوريال الفيف هيالورون بيور شامبو 200 مل
  Search keyword: لوريال الفيف هيالورون بيور شامبو 200 مل
  ✓ Found 40 products
  First match: بلسم لوريال باريس إلفيف، طول الاحلام - 200 مل
  Price: 115 EGP

[210/400] Processing: لوريال شامبو 200 ملى هيالورونك للشعر فاقد الترطيب
  Search keyword: لوريال شامبو 200 ملى هيالورونك للشعر فاقد الترطيب
  ✓ Found 40 products
  First match: لوريال باريس إلفيف كريم تصفيف الشعر للمقاومة الكاملة - 200 مل
  Price: 229 EGP

[211/400] Processing: لوريال شامبو 200 ملى الفيف مقاومه كامله لتساقط الشعر
  Search keyword: لوريال شامبو 200 ملى الفيف مقاومه كامله لتساقط الشعر
  ✓ Found 40 products
  First match: لوريال باريس إلفيف كريم تصفيف الشعر للمقاومة الكاملة - 200 مل
  Price: 229 EGP

[212/400] Processing: لوريال شامبو 200 ملى للشعر العادى و الجاف بالزيوت الثمينه
  Search keyword: لوريال شامبو 200 ملى للشعر العادى و الجاف بالزيوت الثمينه
  ✓ Found 40 products
  First match: لوريال باريس إلفيف شامبو إكسترا اورديناري أويل للشعر العادي والجاف - 400 مل
  Price: 170 EGP

[213/400] Processing: لاكتويل بلسم 750 ملى اخضر
  Search keyword: لاكتويل بلسم 750 ملى اخضر
  ✓ Found 40 products
  First match: سيف منظف كريمي بالحبيبات الفعالة ورائحة الليمون - 750 مل
  Price: 154.2 EGP

[214/400] Processing: لاكتويل بلسم 750 ملى اصفر
  Search keyword: لاكتويل بلسم 750 ملى اصفر
  ✓ Found 40 products
  First match: سيف منظف كريمي بالحبيبات الفعالة ورائحة الليمون - 750 مل
  Price: 154.2 EGP

[215/400] Processing: كاباروزا جل غسول للوجه 150 مل
  Search keyword: كاباروزا جل غسول للوجه 150 مل
  ✓ Found 40 products
  First match: كير آند مور غسول وجه للبشرة الدهنية - 150 مل
  Price: 68.3 EGP

[216/400] Processing: لاكتويل بلسم 250ملى اخضر
  Search keyword: لاكتويل بلسم 250ملى اخضر
  ✓ Found 40 products
  First match: بلسم حاج عرفة بزيت الجوجوبا - 250مل
  Price: 125 EGP

[217/400] Processing: خمس خمسات كولونيا 200 ملى عادى
  Search keyword: خمس خمسات كولونيا 200 ملى عادى
  ✓ Found 40 products
  First match: جليسوليد لوشن الجسم بالمسك للبشرة الجافة والعادية - 200 مل
  Price: 64.95 EGP

[218/400] Processing: خمس خمسات كولونيا بخاخ 130 ملى
  Search keyword: خمس خمسات كولونيا بخاخ 130 ملى
  ✓ Found 40 products
  First match: كوين رول مفرش سفرة - 130*180سم -15 قطعة
  Price: 129 EGP

[219/400] Processing: خمس خمسات كولونيا بخاخ 230 ملى
  Search keyword: خمس خمسات كولونيا بخاخ 230 ملى
  ✓ Found 40 products
  First match: بلسم تطويل الشعر التالف ايفا ادفانسد كير كلينك فور ايفر لونج - 230 مل
  Price: 148.25 EGP

[220/400] Processing: ثلاث خمسات كولونيا 250ملى عادى بلاستيك
  Search keyword: ثلاث خمسات كولونيا 250ملى عادى بلاستيك
  ✓ Found 40 products
  First match: كولونيا ندي الصباح جونسون للاطفال - 100 مل
  Price: 125 EGP

[221/400] Processing: سيلفر سائل ملمع احذيه شفاف 75مل
  Search keyword: سيلفر سائل ملمع احذيه شفاف 75مل
  ✓ Found 1 products
  First match: سيلفر ملمع أحذية سائل - 50 مل - شفاف
  Price: 41.95 EGP

[222/400] Processing: كاباروزا غسول لتفتيح الجسم والمناطق الحساسة 400 مل
  Search keyword: كاباروزا غسول لتفتيح الجسم والمناطق الحساسة 400 مل
  ✓ Found 40 products
  First match: فازلين أيس كول لوشن للجسم للترطيب المكثف - 400 مل
  Price: 216.2 EGP

[223/400] Processing: مينك كريم بالبلسم 200 جرام
  Search keyword: مينك كريم بالبلسم 200 جرام
  ✓ Found 40 products
  First match: باكلاند كريم شانتيه - 200 جرام
  Price: 61.15 EGP

[224/400] Processing: ايفا سكين كير كريم سوفت بالصبار والبانثينول 50 جم
  Search keyword: ايفا سكين كير كريم سوفت بالصبار والبانثينول 50 جم
  ✓ Found 40 products
  First match: إيڤا سكين كير سوفت كريم مرطب بالصبار - 50 جم
  Price: 28.95 EGP

[225/400] Processing: ايفا جلسرين كريم بشره 170 جرام
  Search keyword: ايفا جلسرين كريم بشره 170 جرام
  ✓ Found 40 products
  First match: إيفا سكين كير كريم مرطب بالجلسرين - 170 جرام
  Price: 53 EGP

[226/400] Processing: مينك بالمز كريم ملمع واكس جوز هند ابيض 150ملى
  Search keyword: مينك بالمز كريم ملمع واكس جوز هند ابيض 150ملى
  ✓ Found 40 products
  First match: كراون كريم ملمع للأحذية - 50 مل - أبيض
  Price: 40.6 EGP

[227/400] Processing: مينك بالمز كريم ملمع واكس عسل اصفر150 ملى
  Search keyword: مينك بالمز كريم ملمع واكس عسل اصفر150 ملى
  ✓ Found 40 products
  First match: مينك حمام كريم للشعر بزيت المينك والعسل - 400 مل
  Price: 64.95 EGP

[228/400] Processing: نيفيا رول اون حريمى بيرل اند بيوتى بلاك اليجانت 50مل
  Search keyword: نيفيا رول اون حريمى بيرل اند بيوتى بلاك اليجانت 50مل
  ✓ Found 40 products
  First match: نيفيا بيرل اند بيوتي مزيل عرق رول أون - 50 مللي
  Price: 82.95 EGP

[229/400] Processing: نيفيا رول اون رجالى بلاك اند وايت انفيزيبل 50مل
  Search keyword: نيفيا رول اون رجالى بلاك اند وايت انفيزيبل 50مل
  ✓ Found 40 products
  First match: نيفيا بلاك اند وايت انفيزبل اوريجينال - مضاد للتعرق للرجال - رول اون - 50 مللي
  Price: 82.95 EGP

[230/400] Processing: نيفيا رول اون حريمى بيرل اند بيوتى 50مل
  Search keyword: نيفيا رول اون حريمى بيرل اند بيوتى 50مل
  ✓ Found 40 products
  First match: نيفيا بيرل اند بيوتي مزيل عرق رول أون - 50 مللي
  Price: 82.95 EGP

[231/400] Processing: كامى صابون 115جرام عادى رومانسيه Romantique
  Search keyword: كامى صابون 115جرام عادى رومانسيه Romantique
  ✓ Found 40 products
  First match: كامي صابون - 165 جرام - 4 قطع
  Price: 103.8 EGP

[232/400] Processing: كامى صابون 115 جرام عادى حيويه Dynamique
  Search keyword: كامى صابون 115 جرام عادى حيويه Dynamique
  ✓ Found 40 products
  First match: كامي كلاسيك بار صابون - 115 جرام
  Price: 18 EGP

[233/400] Processing: كامى صابون 115جرام عادى اناقه
  Search keyword: كامى صابون 115جرام عادى اناقه
  ✓ Found 40 products
  First match: كامي صابون - 165 جرام - 4 قطع
  Price: 103.8 EGP

[234/400] Processing: لوكس صابون سحر الاوركيد 165جم
  Search keyword: لوكس صابون سحر الاوركيد 165جم
  ✓ Found 1 products
  First match: لوكس صابون سحر الأوركيد - 165جرام - 4 قطع
  Price: 117.35 EGP

[235/400] Processing: لوكس صابون حلم السعاده 165جم
  Search keyword: لوكس صابون حلم السعاده 165جم
  ✓ Found 1 products
  First match: لوكس صابونة - حلم السعادة - 165 جرام - 48 قطعة
  Price: 1437.6 EGP

[236/400] Processing: لوكس صابون بشره مثاليه 75جرام
  Search keyword: لوكس صابون بشره مثاليه 75جرام
  ✓ Found 40 products
  First match: لوكس صابون سحر الأوركيد - 165جرام - 4 قطع
  Price: 117.35 EGP

[237/400] Processing: لوكس صابون بشره نضره 165جم
  Search keyword: لوكس صابون بشره نضره 165جم
  ✓ Found 40 products
  First match: لوكس صابون سحر الأوركيد - 165جرام - 4 قطع
  Price: 117.35 EGP

[238/400] Processing: سيلفر سائل ملمع احذيه اسود 75مل
  Search keyword: سيلفر سائل ملمع احذيه اسود 75مل
  ✓ Found 1 products
  First match: سيلفر ملمع أحذية سائل - 50 مل - أسود
  Price: 44 EGP

[239/400] Processing: لوكس صابون بشره مثاليه 75جرام
  Search keyword: لوكس صابون بشره مثاليه 75جرام
  ✓ Found 40 products
  First match: لوكس صابون سحر الأوركيد - 165جرام - 4 قطع
  Price: 117.35 EGP

[240/400] Processing: دوف شامبو 180ملى ضد تساقط الشعر
  Search keyword: دوف شامبو 180ملى ضد تساقط الشعر
  ✓ Found 40 products
  First match: دوف شامبو ضد تساقط الشعر - 600 مل
  Price: 156.6 EGP

[241/400] Processing: سكريه جيب 15 ملى اتومايزر علبه*6ق
  Search keyword: سكريه جيب 15 ملى اتومايزر 6ق
  ✓ Found 40 products
  First match: ايفا سكين كلينيك كريم لتفتيح وترطيب محيط العينين بخلاصة اللؤلؤ الابيض - 15 مل
  Price: 146 EGP

[242/400] Processing: لاكتويل بلسم 60ملى اخضر
  Search keyword: لاكتويل بلسم 60ملى اخضر
  ✓ Found 40 products
  First match: بلسم جوي اوف نيتشر بالشاي الأخضر والزنجبيل - 350 مل
  Price: 125.5 EGP

[243/400] Processing: لاكتويل بلسم 60ملى اصفر
  Search keyword: لاكتويل بلسم 60ملى اصفر
  ✓ Found 40 products
  First match: عبوة مزدوجة تريسمي كيرتن من الشامبو والبلسم - 400 مل
  Price: 298.25 EGP

[244/400] Processing: سباركل زيت للشعر الجاف 100مل اخضر
  Search keyword: سباركل زيت للشعر الجاف 100مل اخضر
  ✓ Found 40 products
  First match: جليس شامبو الزيت المغذي للشعر - 400 مل
  Price: 119.95 EGP

[245/400] Processing: لاكتويل بلسم 120ملى اصفر
  Search keyword: لاكتويل بلسم 120ملى اصفر
  ✓ Found 40 products
  First match: عبوة مزدوجة تريسمي كيرتن من الشامبو والبلسم - 400 مل
  Price: 298.25 EGP

[246/400] Processing: لاكتويل بلسم 120ملى اخضر
  Search keyword: لاكتويل بلسم 120ملى اخضر
  ✓ Found 40 products
  First match: بلسم جوي اوف نيتشر بالشاي الأخضر والزنجبيل - 350 مل
  Price: 125.5 EGP

[247/400] Processing: كاباروزا كريم لتفتيح المناطق الحساسة 60 جم
  Search keyword: كاباروزا كريم لتفتيح المناطق الحساسة 60 جم
  ✓ Found 40 products
  First match: بوبانا كريم تخفيف الجلد للمناطق الحساسة - 60 جرام
  Price: 69.45 EGP

[248/400] Processing: كاباروزا كريم نهاري للبشره 60 جم
  Search keyword: كاباروزا كريم نهاري للبشره 60 جم
  ✓ Found 40 products
  First match: بونكي فينجرز سناكس بطعم كريمة البصل - 60 جم
  Price: 15 EGP

[249/400] Processing: دوف صابون بينك 90 جرام كرتونه*4د
  Search keyword: دوف صابون بينك 90 جرام كرتونه*4د
  ✗ JSON file not found

[250/400] Processing: سكريه 30 ملى صغير
  Search keyword: سكريه 30 ملى صغير
  ✓ Found 40 products
  First match: جهينه ميكس حليب بالشوكولاتة 30% سكر أقل - 200 مل
  Price: 10.45 EGP

[251/400] Processing: دوف صابون 90 جم جديد بزبده الشيا
  Search keyword: دوف صابون 90 جم جديد بزبده الشيا
  ✓ Found 40 products
  First match: دوف ريلاكسينج صابون اليدين بزيت اللافندر - 90 جم
  Price: 34.95 EGP

[252/400] Processing: الشريف فرشه شعر لفك التشابك
  Search keyword: الشريف شعر لفك التشابك
  ✓ Found 40 products
  First match: ويت فرشاة صغيرة لفك تشابك الشعر
  Price: 300 EGP

[253/400] Processing: الشبراويشى خلاصه
  Search keyword: الشبراويشى خلاصه
  ✓ Found 13 products
  First match: مينك بلسم شعر - خلاصة زيت الزيتون وزيت اللوز - 700 مللي
  Price: 82.5 EGP

[254/400] Processing: نيفرداى برفان 20 ملى
  Search keyword: نيفرداى برفان 20 ملى
  ✓ Found 40 products
  First match: كرتونة مياه شرب طبيعية من نستله - 600 مل - 20 عبوة
  Price: 99.95 EGP

[255/400] Processing: تمارا نيو هير كريم بالليمون 170 جرام
  Search keyword: تمارا نيو هير كريم بالليمون 170 جرام
  ✓ Found 40 products
  First match: إيفا سكين كير كريم مرطب بالجلسرين - 170 جرام
  Price: 53 EGP

[256/400] Processing: تمارا نيو هير كريم شعر بالليمون 110 جرام
  Search keyword: تمارا نيو هير كريم شعر بالليمون 110 جرام
  ✓ Found 40 products
  First match: فيليه الماكاريل فيشر مان بالليمون - 110 جرام
  Price: 117.05 EGP

[257/400] Processing: مان لوك جل 250 ملى اخضركيرلى
  Search keyword: مان لوك جل 250 ملى اخضركيرلى
  ✓ Found 40 products
  First match: جل مان لوك للشعر كيرلي لوك - 250 مل
  Price: 44.25 EGP

[258/400] Processing: اكوا دنت غسول للفم قرنفل 250 ملى
  Search keyword: اكوا دنت غسول للفم قرنفل 250 ملى
  ✓ Found 40 products
  First match: ليستيرين غسول فم لتبييض الأسنان - 250 مل
  Price: 122.2 EGP

[259/400] Processing: اكوا دنت غسول للفم برتقال 250 ملى
  Search keyword: اكوا دنت غسول للفم برتقال 250 ملى
  ✓ Found 40 products
  First match: ليستيرين غسول فم لتبييض الأسنان - 250 مل
  Price: 122.2 EGP

[260/400] Processing: فيراند لفلى 18جرام جلو اند لفلى مالتى فيتامين المتطور
  Search keyword: فيراند لفلى 18جرام جلو اند لفلى مالتى فيتامين المتطور
  ✓ Found 40 products
  First match: كريم جلو&لفلي مالتي فايتمين - 40 جم
  Price: 35 EGP

[261/400] Processing: فيم كريم ازاله شعر 90 جرام+20% زياده بشره حساسه
  Search keyword: فيم كريم ازاله شعر 90 جرام+20% بشره حساسه
  ✗ JSON file not found

[262/400] Processing: مان لوك جل 250 ملى فضى سبايكى
  Search keyword: مان لوك جل 250 ملى فضى سبايكى
  ✓ Found 40 products
  First match: جل مان لوك للشعر كيرلي لوك - 250 مل
  Price: 44.25 EGP

[263/400] Processing: وان عسل 40 جرام
  Search keyword: وان عسل 40 جرام
  ✓ Found 40 products
  First match: لايت بايت بافس العدس بطعم المستردة والعسل - 40 جم
  Price: 16.15 EGP

[264/400] Processing: وان عادى 40 جرام
  Search keyword: وان عادى 40 جرام
  ✓ Found 40 products
  First match: العروسة شاي أسود - 40 جرام
  Price: 8.95 EGP

[265/400] Processing: وان حساس 40 جرام
  Search keyword: وان حساس 40 جرام
  ✓ Found 40 products
  First match: ون كريم إزالة الشعر بالكاموميل للبشرة الحساسة - 40 جرام
  Price: 23.25 EGP

[266/400] Processing: وان عادى 125جرام
  Search keyword: وان عادى 125جرام
  ✓ Found 40 products
  First match: منظف بيرول ​​الوان - 2.5 كجم
  Price: 139.95 EGP

[267/400] Processing: وان عسل 125 جرام
  Search keyword: وان عسل 125 جرام
  ✓ Found 40 products
  First match: إمتنان عسل البرسيم - 125 جم
  Price: 48.15 EGP

[268/400] Processing: سيجنال متكامل بخلاصة القرنفل 100مل
  Search keyword: سيجنال متكامل بخلاصة القرنفل 100مل
  ✓ Found 40 products
  First match: سيجنال مكومبليت 8 معجون للأسنان الحساسة بالقرنفل - 100 مللي
  Price: 56.95 EGP

[269/400] Processing: سيجنال 120ملى مكافح للتسوس
  Search keyword: سيجنال 120ملى مكافح للتسوس
  ✓ Found 4 products
  First match: معجون اسنان سيجنال مكافح التسوس، 120 مل
  Price: 45.4 EGP

[270/400] Processing: سيجنال متكامل بخلاصه الفحم 100 مل
  Search keyword: سيجنال متكامل بخلاصه الفحم 100 مل
  ✓ Found 40 products
  First match: معجون أسنان سيجنال للتبيض - 100 مل
  Price: 52.6 EGP

[271/400] Processing: ديبردنت معجون اسنان 13 ملى
  Search keyword: ديبردنت معجون اسنان 13 ملى
  ✓ Found 40 products
  First match: ديبوردنت معجون اسنان مبيض - 13 مل
  Price: 61.5 EGP

[272/400] Processing: كلوس اب معجون اسنان بالليمون والنعناع 75 مل + فرشه
  Search keyword: كلوس اب معجون اسنان بالليمون والنعناع 75 مل +
  ✗ JSON file not found

[273/400] Processing: زي سلاكة أسنان بلاستيكية طبية بنكهة الفراولة* 30ق
  Search keyword: زي سلاكة أسنان بلاستيكية طبية بنكهة الفراولة* 30ق
  ✗ JSON file not found

[274/400] Processing: زى خله اسنان علبه بلاستيك *30ق-نعناع
  Search keyword: زى خله اسنان علبه بلاستيك *30ق-نعناع
  ✗ JSON file not found

[275/400] Processing: كلوس اب اخضر الانتعاش الثلاثى 100 مل
  Search keyword: كلوس اب اخضر الانتعاش الثلاثى 100 مل
  ✓ Found 40 products
  First match: كلوس اب معجون أسنان بتركيبة ثلاثية منعشة متعدد الألوان - 100 مللي
  Price: 49.95 EGP

[276/400] Processing: كلوس اب معجون اسنان انتعاش التوت 75 مل + فرشه
  Search keyword: كلوس اب معجون اسنان انتعاش التوت 75 مل +
  ✗ JSON file not found

[277/400] Processing: كلوس اب احمر الانتعاش الثلاثى 100 مل
  Search keyword: كلوس اب احمر الانتعاش الثلاثى 100 مل
  ✓ Found 40 products
  First match: كلوس اب معجون أسنان بتركيبة ثلاثية منعشة متعدد الألوان - 100 مللي
  Price: 49.95 EGP

[278/400] Processing: سنسوداين معجون اسنان تنظيف عميق 125 مل
  Search keyword: سنسوداين معجون اسنان تنظيف عميق 125 مل
  ✓ Found 40 products
  First match: معجون أسنان سنسوداين للتنظيف العميق - 125 مل
  Price: 134.95 EGP

[279/400] Processing: سيجنال 25 ملى 2*1 مكافح التسوس
  Search keyword: سيجنال 25 ملى 2*1 مكافح التسوس
  ✗ JSON file not found

[280/400] Processing: جلورى حنه شركه بنى فاتح
  Search keyword: جلورى حنه شركه بنى فاتح
  ✓ Found 40 products
  First match: جلوري حنة بني فاتح 10 جم
  Price: 41 EGP

[281/400] Processing: جلورى حنه شركه ماهجونى
  Search keyword: جلورى حنه شركه ماهجونى
  ✓ Found 24 products
  First match: حنة جلوري كستنائي للشعر، 10جم - 6 أكياس
  Price: 246 EGP

[282/400] Processing: سنسوداين معجون اسنان 100 ملى تنظيف عميق
  Search keyword: سنسوداين معجون اسنان 100 ملى تنظيف عميق
  ✓ Found 40 products
  First match: سنسوداين معجون اسنان جل عميق التنظيف - 100 مل
  Price: 120 EGP

[283/400] Processing: صانسيلك شامبو 180ملى قوه ولمعان
  Search keyword: صانسيلك شامبو 180ملى قوه ولمعان
  ✓ Found 40 products
  First match: صانسيلك شامبو لمعان وقوة - 1 لتر
  Price: 197.7 EGP

[284/400] Processing: كلير شامبو حريمى ضد التساقط 180مل
  Search keyword: كلير شامبو حريمى ضد التساقط 180مل
  ✓ Found 40 products
  First match: سائل غسيل أطباق بالبلسم من فيبا - 3 لتر
  Price: 104.95 EGP

[285/400] Processing: كلير شامبو حريمى نعومه ولمعان 180مل
  Search keyword: كلير شامبو حريمى نعومه ولمعان 180مل
  ✓ Found 40 products
  First match: سائل غسيل أطباق بالبلسم من فيبا - 3 لتر
  Price: 104.95 EGP

[286/400] Processing: صانسيلك شامبو 180ملى لمعان ساحر للشعر الاسود
  Search keyword: صانسيلك شامبو 180ملى لمعان ساحر للشعر الاسود
  ✓ Found 40 products
  First match: صانسيلك شامبو، لمعان ساحر للشعر الاسود - 1 لتر
  Price: 197.7 EGP

[287/400] Processing: صانسيلك شامبو 180ملى كثيف و طويل
  Search keyword: صانسيلك شامبو 180ملى كثيف و طويل
  ✓ Found 40 products
  First match: صانسيلك بلسم لشعر كثيف وطويل - 350 مل
  Price: 114.2 EGP

[288/400] Processing: صانسيلك شامبو 180 ملى ناعم وانسيابى
  Search keyword: صانسيلك شامبو 180 ملى ناعم وانسيابى
